2016-08-17 07:46:45,010 [Worker-0] INFO  o.e.m.c.i.p.ProjectConfigurationManager - Collecting project info '/pom.xml' E:\PrograWeb2016\PrograWeb2016\AppSesion2POO\pom.xml
2016-08-17 07:46:53,338 [Worker-0] INFO  o.e.m.c.i.l.LifecycleMappingFactory - Using org.eclipse.m2e.jdt.JarLifecycleMapping lifecycle mapping for MavenProject: pe.edu.upc:AppSesion2POO:0.0.1-SNAPSHOT @ E:\PrograWeb2016\PrograWeb2016\AppSesion2POO\pom.xml.
2016-08-17 07:46:55,491 [Worker-0] INFO  o.e.m.j.i.AbstractJavaProjectConfigurator - Adding source folder /AppSesion2POO/src/main/java
2016-08-17 07:46:55,493 [Worker-0] INFO  o.e.m.j.i.AbstractJavaProjectConfigurator - Adding source folder /AppSesion2POO/src/test/java
2016-08-17 07:46:56,540 [Worker-0] INFO  o.e.m.c.i.p.ProjectConfigurationManager - Imported and configured 1 project(s) in 11 sec
2016-08-17 07:46:57,537 [Worker-8] INFO  o.e.m.c.i.embedder.EclipseLogger - Using 'UTF-8' encoding to copy filtered resources.
2016-08-17 07:46:57,541 [Worker-8] INFO  o.e.m.c.i.embedder.EclipseLogger - skip non existing resourceDirectory E:\PrograWeb2016\PrograWeb2016\AppSesion2POO\src\main\resources
2016-08-17 07:46:57,543 [Worker-8] INFO  o.e.m.c.i.embedder.EclipseLogger - Using 'UTF-8' encoding to copy filtered resources.
2016-08-17 07:46:57,544 [Worker-8] INFO  o.e.m.c.i.embedder.EclipseLogger - skip non existing resourceDirectory E:\PrograWeb2016\PrograWeb2016\AppSesion2POO\src\test\resources
2016-08-17 08:15:17,365 [Worker-13] INFO  o.e.m.c.i.embedder.EclipseLogger - Using 'UTF-8' encoding to copy filtered resources.
2016-08-17 08:15:17,365 [Worker-13] INFO  o.e.m.c.i.embedder.EclipseLogger - skip non existing resourceDirectory E:\PrograWeb2016\PrograWeb2016\AppSesion2POO\src\main\resources
2016-08-17 08:15:17,367 [Worker-13] INFO  o.e.m.c.i.embedder.EclipseLogger - Using 'UTF-8' encoding to copy filtered resources.
2016-08-17 08:15:17,367 [Worker-13] INFO  o.e.m.c.i.embedder.EclipseLogger - skip non existing resourceDirectory E:\PrograWeb2016\PrograWeb2016\AppSesion2POO\src\test\resources
2016-08-17 08:15:18,443 [Worker-12] INFO  o.e.m.c.i.embedder.EclipseLogger - Using 'UTF-8' encoding to copy filtered resources.
2016-08-17 08:15:18,444 [Worker-12] INFO  o.e.m.c.i.embedder.EclipseLogger - skip non existing resourceDirectory E:\PrograWeb2016\PrograWeb2016\AppSesion2POO\src\main\resources
2016-08-17 08:15:18,445 [Worker-12] INFO  o.e.m.c.i.embedder.EclipseLogger - Using 'UTF-8' encoding to copy filtered resources.
2016-08-17 08:15:18,446 [Worker-12] INFO  o.e.m.c.i.embedder.EclipseLogger - skip non existing resourceDirectory E:\PrograWeb2016\PrograWeb2016\AppSesion2POO\src\test\resources
2016-08-17 08:17:24,768 [Worker-13] INFO  o.e.m.c.i.embedder.EclipseLogger - Using 'UTF-8' encoding to copy filtered resources.
2016-08-17 08:17:24,768 [Worker-13] INFO  o.e.m.c.i.embedder.EclipseLogger - skip non existing resourceDirectory E:\PrograWeb2016\PrograWeb2016\AppSesion2POO\src\main\resources
2016-08-17 08:17:24,770 [Worker-13] INFO  o.e.m.c.i.embedder.EclipseLogger - Using 'UTF-8' encoding to copy filtered resources.
2016-08-17 08:17:24,770 [Worker-13] INFO  o.e.m.c.i.embedder.EclipseLogger - skip non existing resourceDirectory E:\PrograWeb2016\PrograWeb2016\AppSesion2POO\src\test\resources
2016-08-17 08:30:37,714 [Worker-3] INFO  o.e.m.c.i.embedder.EclipseLogger - Using 'UTF-8' encoding to copy filtered resources.
2016-08-17 08:30:37,715 [Worker-3] INFO  o.e.m.c.i.embedder.EclipseLogger - skip non existing resourceDirectory E:\PrograWeb2016\PrograWeb2016\AppSesion2POO\src\main\resources
2016-08-17 08:30:37,716 [Worker-3] INFO  o.e.m.c.i.embedder.EclipseLogger - Using 'UTF-8' encoding to copy filtered resources.
2016-08-17 08:30:37,716 [Worker-3] INFO  o.e.m.c.i.embedder.EclipseLogger - skip non existing resourceDirectory E:\PrograWeb2016\PrograWeb2016\AppSesion2POO\src\test\resources
2016-08-17 08:40:17,468 [Worker-16] INFO  o.e.m.c.i.embedder.EclipseLogger - Using 'UTF-8' encoding to copy filtered resources.
2016-08-17 08:40:17,468 [Worker-16] INFO  o.e.m.c.i.embedder.EclipseLogger - skip non existing resourceDirectory E:\PrograWeb2016\PrograWeb2016\AppSesion2POO\src\main\resources
2016-08-17 08:40:17,469 [Worker-16] INFO  o.e.m.c.i.embedder.EclipseLogger - Using 'UTF-8' encoding to copy filtered resources.
2016-08-17 08:40:17,469 [Worker-16] INFO  o.e.m.c.i.embedder.EclipseLogger - skip non existing resourceDirectory E:\PrograWeb2016\PrograWeb2016\AppSesion2POO\src\test\resources
2016-08-17 08:42:55,746 [Worker-1] INFO  o.e.m.c.i.embedder.EclipseLogger - Using 'UTF-8' encoding to copy filtered resources.
2016-08-17 08:42:55,746 [Worker-1] INFO  o.e.m.c.i.embedder.EclipseLogger - skip non existing resourceDirectory E:\PrograWeb2016\PrograWeb2016\AppSesion2POO\src\main\resources
2016-08-17 08:42:55,747 [Worker-1] INFO  o.e.m.c.i.embedder.EclipseLogger - Using 'UTF-8' encoding to copy filtered resources.
2016-08-17 08:42:55,748 [Worker-1] INFO  o.e.m.c.i.embedder.EclipseLogger - skip non existing resourceDirectory E:\PrograWeb2016\PrograWeb2016\AppSesion2POO\src\test\resources
2016-08-17 08:51:14,249 [Worker-3] INFO  o.e.m.c.i.embedder.EclipseLogger - Using 'UTF-8' encoding to copy filtered resources.
2016-08-17 08:51:14,250 [Worker-3] INFO  o.e.m.c.i.embedder.EclipseLogger - skip non existing resourceDirectory E:\PrograWeb2016\PrograWeb2016\AppSesion2POO\src\main\resources
2016-08-17 08:51:14,251 [Worker-3] INFO  o.e.m.c.i.embedder.EclipseLogger - Using 'UTF-8' encoding to copy filtered resources.
2016-08-17 08:51:14,251 [Worker-3] INFO  o.e.m.c.i.embedder.EclipseLogger - skip non existing resourceDirectory E:\PrograWeb2016\PrograWeb2016\AppSesion2POO\src\test\resources
